[INFO  - 2019-02-20T22:28:45.393Z] GhostDriver - Main - running on port 59489
[INFO  - 2019-02-20T22:28:46.016Z] Session [e2d18290-355e-11e9-a53a-6b6b003e64b4] - page.settings - {"XSSAuditingEnabled":false,"javascriptCanCloseWindows":true,"javascriptCanOpenWindows":true,"javascriptEnabled":true,"loadImages":true,"localToRemoteUrlAccessEnabled":false,"userAgent":"Mozilla/5.0 (Macintosh; Intel Mac OS X) AppleWebKit/538.1 (KHTML, like Gecko) PhantomJS/2.1.1 Safari/538.1","webSecurityEnabled":true}
[INFO  - 2019-02-20T22:28:46.016Z] Session [e2d18290-355e-11e9-a53a-6b6b003e64b4] - page.customHeaders:  - {}
[INFO  - 2019-02-20T22:28:46.017Z] Session [e2d18290-355e-11e9-a53a-6b6b003e64b4] - Session.negotiatedCapabilities - {"browserName":"phantomjs","version":"2.1.1","driverName":"ghostdriver","driverVersion":"1.2.0","platform":"mac-unknown-64bit","javascriptEnabled":true,"takesScreenshot":true,"handlesAlerts":false,"databaseEnabled":false,"locationContextEnabled":false,"applicationCacheEnabled":false,"browserConnectionEnabled":false,"cssSelectorsEnabled":true,"webStorageEnabled":false,"rotatable":false,"acceptSslCerts":false,"nativeEvents":true,"proxy":{"proxyType":"direct"}}
[INFO  - 2019-02-20T22:28:46.017Z] SessionManagerReqHand - _postNewSessionCommand - New Session Created: e2d18290-355e-11e9-a53a-6b6b003e64b4
[ERROR - 2019-02-20T22:28:59.498Z] Session [e2d18290-355e-11e9-a53a-6b6b003e64b4] - page.onError - msg: TypeError: undefined is not an object (evaluating '$(low).html().substring')

  phantomjs://platform/console++.js:263 in error
[ERROR - 2019-02-20T22:28:59.498Z] Session [e2d18290-355e-11e9-a53a-6b6b003e64b4] - page.onError - stack:
  afterRefresh (https://www.moex.com/js/angular/controllers/ContractControllers.js?v=20190201124432:151)
  E (https://assets.moex.com/widgets/assets/mx.security.js:2)
  (anonymous function) (https://www.moex.com/js/jquery-1.11.2.min.js?v=20190117131326:2)
  j (https://www.moex.com/js/jquery-1.11.2.min.js?v=20190117131326:2)
  fireWith (https://www.moex.com/js/jquery-1.11.2.min.js?v=20190117131326:2)
  (anonymous function) (https://www.moex.com/js/jquery-1.11.2.min.js?v=20190117131326:2)
  (anonymous function) (https://assets.moex.com/widgets/assets/mx.security.js:1)
  j (https://www.moex.com/js/jquery-1.11.2.min.js?v=20190117131326:2)
  fireWith (https://www.moex.com/js/jquery-1.11.2.min.js?v=20190117131326:2)
  x (https://www.moex.com/js/jquery-1.11.2.min.js?v=20190117131326:4)
  onreadystatechange (https://www.moex.com/js/jquery-1.11.2.min.js?v=20190117131326:4)

  phantomjs://platform/console++.js:263 in error
[ERROR - 2019-02-20T22:28:59.803Z] WebElementLocator - _handleLocateCommand - Element(s) NOT Found: GAVE UP. Search Stop Time: 1550701739781

  phantomjs://platform/console++.js:263 in error
[ERROR - 2019-02-20T22:29:00.470Z] WebElementLocator - _handleLocateCommand - Element(s) NOT Found: GAVE UP. Search Stop Time: 1550701740444

  phantomjs://platform/console++.js:263 in error
[ERROR - 2019-02-20T22:29:04.613Z] Session [e2d18290-355e-11e9-a53a-6b6b003e64b4] - page.onError - msg: TypeError: undefined is not an object (evaluating '$(low).html().substring')

  phantomjs://platform/console++.js:263 in error
[ERROR - 2019-02-20T22:29:04.613Z] Session [e2d18290-355e-11e9-a53a-6b6b003e64b4] - page.onError - stack:
  afterRefresh (https://www.moex.com/js/angular/controllers/ContractControllers.js?v=20190201124432:151)
  E (https://assets.moex.com/widgets/assets/mx.security.js:2)
  (anonymous function) (https://www.moex.com/js/jquery-1.11.2.min.js?v=20190117131326:2)
  j (https://www.moex.com/js/jquery-1.11.2.min.js?v=20190117131326:2)
  fireWith (https://www.moex.com/js/jquery-1.11.2.min.js?v=20190117131326:2)
  (anonymous function) (https://www.moex.com/js/jquery-1.11.2.min.js?v=20190117131326:2)
  (anonymous function) (https://assets.moex.com/widgets/assets/mx.security.js:1)
  j (https://www.moex.com/js/jquery-1.11.2.min.js?v=20190117131326:2)
  fireWith (https://www.moex.com/js/jquery-1.11.2.min.js?v=20190117131326:2)
  x (https://www.moex.com/js/jquery-1.11.2.min.js?v=20190117131326:4)
  onreadystatechange (https://www.moex.com/js/jquery-1.11.2.min.js?v=20190117131326:4)

  phantomjs://platform/console++.js:263 in error
[ERROR - 2019-02-20T22:29:09.221Z] Session [e2d18290-355e-11e9-a53a-6b6b003e64b4] - page.onError - msg: TypeError: undefined is not an object (evaluating '$(low).html().substring')

  phantomjs://platform/console++.js:263 in error
[ERROR - 2019-02-20T22:29:09.221Z] Session [e2d18290-355e-11e9-a53a-6b6b003e64b4] - page.onError - stack:
  afterRefresh (https://www.moex.com/js/angular/controllers/ContractControllers.js?v=20190201124432:151)
  E (https://assets.moex.com/widgets/assets/mx.security.js:2)
  (anonymous function) (https://www.moex.com/js/jquery-1.11.2.min.js?v=20190117131326:2)
  j (https://www.moex.com/js/jquery-1.11.2.min.js?v=20190117131326:2)
  fireWith (https://www.moex.com/js/jquery-1.11.2.min.js?v=20190117131326:2)
  (anonymous function) (https://www.moex.com/js/jquery-1.11.2.min.js?v=20190117131326:2)
  (anonymous function) (https://assets.moex.com/widgets/assets/mx.security.js:1)
  j (https://www.moex.com/js/jquery-1.11.2.min.js?v=20190117131326:2)
  fireWith (https://www.moex.com/js/jquery-1.11.2.min.js?v=20190117131326:2)
  x (https://www.moex.com/js/jquery-1.11.2.min.js?v=20190117131326:4)
  onreadystatechange (https://www.moex.com/js/jquery-1.11.2.min.js?v=20190117131326:4)

  phantomjs://platform/console++.js:263 in error
[ERROR - 2019-02-20T22:29:09.486Z] WebElementLocator - _handleLocateCommand - Element(s) NOT Found: GAVE UP. Search Stop Time: 1550701749461

  phantomjs://platform/console++.js:263 in error
[ERROR - 2019-02-20T22:29:10.199Z] WebElementLocator - _handleLocateCommand - Element(s) NOT Found: GAVE UP. Search Stop Time: 1550701750145

  phantomjs://platform/console++.js:263 in error
[ERROR - 2019-02-20T22:29:14.391Z] Session [e2d18290-355e-11e9-a53a-6b6b003e64b4] - page.onError - msg: TypeError: undefined is not an object (evaluating '$(low).html().substring')

  phantomjs://platform/console++.js:263 in error
[ERROR - 2019-02-20T22:29:14.391Z] Session [e2d18290-355e-11e9-a53a-6b6b003e64b4] - page.onError - stack:
  afterRefresh (https://www.moex.com/js/angular/controllers/ContractControllers.js?v=20190201124432:151)
  E (https://assets.moex.com/widgets/assets/mx.security.js:2)
  (anonymous function) (https://www.moex.com/js/jquery-1.11.2.min.js?v=20190117131326:2)
  j (https://www.moex.com/js/jquery-1.11.2.min.js?v=20190117131326:2)
  fireWith (https://www.moex.com/js/jquery-1.11.2.min.js?v=20190117131326:2)
  (anonymous function) (https://www.moex.com/js/jquery-1.11.2.min.js?v=20190117131326:2)
  (anonymous function) (https://assets.moex.com/widgets/assets/mx.security.js:1)
  j (https://www.moex.com/js/jquery-1.11.2.min.js?v=20190117131326:2)
  fireWith (https://www.moex.com/js/jquery-1.11.2.min.js?v=20190117131326:2)
  x (https://www.moex.com/js/jquery-1.11.2.min.js?v=20190117131326:4)
  onreadystatechange (https://www.moex.com/js/jquery-1.11.2.min.js?v=20190117131326:4)

  phantomjs://platform/console++.js:263 in error
[ERROR - 2019-02-20T22:29:19.423Z] Session [e2d18290-355e-11e9-a53a-6b6b003e64b4] - page.onError - msg: TypeError: undefined is not an object (evaluating '$(low).html().substring')

  phantomjs://platform/console++.js:263 in error
[ERROR - 2019-02-20T22:29:19.423Z] Session [e2d18290-355e-11e9-a53a-6b6b003e64b4] - page.onError - stack:
  afterRefresh (https://www.moex.com/js/angular/controllers/ContractControllers.js?v=20190201124432:151)
  E (https://assets.moex.com/widgets/assets/mx.security.js:2)
  (anonymous function) (https://www.moex.com/js/jquery-1.11.2.min.js?v=20190117131326:2)
  j (https://www.moex.com/js/jquery-1.11.2.min.js?v=20190117131326:2)
  fireWith (https://www.moex.com/js/jquery-1.11.2.min.js?v=20190117131326:2)
  (anonymous function) (https://www.moex.com/js/jquery-1.11.2.min.js?v=20190117131326:2)
  (anonymous function) (https://assets.moex.com/widgets/assets/mx.security.js:1)
  j (https://www.moex.com/js/jquery-1.11.2.min.js?v=20190117131326:2)
  fireWith (https://www.moex.com/js/jquery-1.11.2.min.js?v=20190117131326:2)
  x (https://www.moex.com/js/jquery-1.11.2.min.js?v=20190117131326:4)
  onreadystatechange (https://www.moex.com/js/jquery-1.11.2.min.js?v=20190117131326:4)

  phantomjs://platform/console++.js:263 in error
[ERROR - 2019-02-20T22:29:19.703Z] WebElementLocator - _handleLocateCommand - Element(s) NOT Found: GAVE UP. Search Stop Time: 1550701759674

  phantomjs://platform/console++.js:263 in error
[ERROR - 2019-02-20T22:29:20.382Z] WebElementLocator - _handleLocateCommand - Element(s) NOT Found: GAVE UP. Search Stop Time: 1550701760362

  phantomjs://platform/console++.js:263 in error
[ERROR - 2019-02-20T22:29:23.556Z] Session [e2d18290-355e-11e9-a53a-6b6b003e64b4] - page.onError - msg: TypeError: undefined is not an object (evaluating '$(low).html().substring')

  phantomjs://platform/console++.js:263 in error
[ERROR - 2019-02-20T22:29:23.556Z] Session [e2d18290-355e-11e9-a53a-6b6b003e64b4] - page.onError - stack:
  afterRefresh (https://www.moex.com/js/angular/controllers/ContractControllers.js?v=20190201124432:151)
  E (https://assets.moex.com/widgets/assets/mx.security.js:2)
  (anonymous function) (https://www.moex.com/js/jquery-1.11.2.min.js?v=20190117131326:2)
  j (https://www.moex.com/js/jquery-1.11.2.min.js?v=20190117131326:2)
  fireWith (https://www.moex.com/js/jquery-1.11.2.min.js?v=20190117131326:2)
  (anonymous function) (https://www.moex.com/js/jquery-1.11.2.min.js?v=20190117131326:2)
  (anonymous function) (https://assets.moex.com/widgets/assets/mx.security.js:1)
  j (https://www.moex.com/js/jquery-1.11.2.min.js?v=20190117131326:2)
  fireWith (https://www.moex.com/js/jquery-1.11.2.min.js?v=20190117131326:2)
  x (https://www.moex.com/js/jquery-1.11.2.min.js?v=20190117131326:4)
  onreadystatechange (https://www.moex.com/js/jquery-1.11.2.min.js?v=20190117131326:4)

  phantomjs://platform/console++.js:263 in error
[ERROR - 2019-02-20T22:29:28.198Z] WebElementLocator - _handleLocateCommand - Element(s) NOT Found: GAVE UP. Search Stop Time: 1550701768174

  phantomjs://platform/console++.js:263 in error
[ERROR - 2019-02-20T22:29:28.858Z] WebElementLocator - _handleLocateCommand - Element(s) NOT Found: GAVE UP. Search Stop Time: 1550701768850

  phantomjs://platform/console++.js:263 in error
[ERROR - 2019-02-20T22:29:29.263Z] Session [e2d18290-355e-11e9-a53a-6b6b003e64b4] - page.onError - msg: TypeError: undefined is not an object (evaluating '$(low).html().substring')

  phantomjs://platform/console++.js:263 in error
[ERROR - 2019-02-20T22:29:29.263Z] Session [e2d18290-355e-11e9-a53a-6b6b003e64b4] - page.onError - stack:
  afterRefresh (https://www.moex.com/js/angular/controllers/ContractControllers.js?v=20190201124432:151)
  E (https://assets.moex.com/widgets/assets/mx.security.js:2)
  (anonymous function) (https://www.moex.com/js/jquery-1.11.2.min.js?v=20190117131326:2)
  j (https://www.moex.com/js/jquery-1.11.2.min.js?v=20190117131326:2)
  fireWith (https://www.moex.com/js/jquery-1.11.2.min.js?v=20190117131326:2)
  (anonymous function) (https://www.moex.com/js/jquery-1.11.2.min.js?v=20190117131326:2)
  (anonymous function) (https://assets.moex.com/widgets/assets/mx.security.js:1)
  j (https://www.moex.com/js/jquery-1.11.2.min.js?v=20190117131326:2)
  fireWith (https://www.moex.com/js/jquery-1.11.2.min.js?v=20190117131326:2)
  x (https://www.moex.com/js/jquery-1.11.2.min.js?v=20190117131326:4)
  onreadystatechange (https://www.moex.com/js/jquery-1.11.2.min.js?v=20190117131326:4)

  phantomjs://platform/console++.js:263 in error
[ERROR - 2019-02-20T22:29:34.121Z] Session [e2d18290-355e-11e9-a53a-6b6b003e64b4] - page.onError - msg: TypeError: undefined is not an object (evaluating '$(low).html().substring')

  phantomjs://platform/console++.js:263 in error
[ERROR - 2019-02-20T22:29:34.121Z] Session [e2d18290-355e-11e9-a53a-6b6b003e64b4] - page.onError - stack:
  afterRefresh (https://www.moex.com/js/angular/controllers/ContractControllers.js?v=20190201124432:151)
  E (https://assets.moex.com/widgets/assets/mx.security.js:2)
  (anonymous function) (https://www.moex.com/js/jquery-1.11.2.min.js?v=20190117131326:2)
  j (https://www.moex.com/js/jquery-1.11.2.min.js?v=20190117131326:2)
  fireWith (https://www.moex.com/js/jquery-1.11.2.min.js?v=20190117131326:2)
  (anonymous function) (https://www.moex.com/js/jquery-1.11.2.min.js?v=20190117131326:2)
  (anonymous function) (https://assets.moex.com/widgets/assets/mx.security.js:1)
  j (https://www.moex.com/js/jquery-1.11.2.min.js?v=20190117131326:2)
  fireWith (https://www.moex.com/js/jquery-1.11.2.min.js?v=20190117131326:2)
  x (https://www.moex.com/js/jquery-1.11.2.min.js?v=20190117131326:4)
  onreadystatechange (https://www.moex.com/js/jquery-1.11.2.min.js?v=20190117131326:4)

  phantomjs://platform/console++.js:263 in error
[ERROR - 2019-02-20T22:29:36.580Z] Session [e2d18290-355e-11e9-a53a-6b6b003e64b4] - page.onError - msg: TypeError: undefined is not an object (evaluating '$(low).html().substring')

  phantomjs://platform/console++.js:263 in error
[ERROR - 2019-02-20T22:29:36.580Z] Session [e2d18290-355e-11e9-a53a-6b6b003e64b4] - page.onError - stack:
  afterRefresh (https://www.moex.com/js/angular/controllers/ContractControllers.js?v=20190201124432:151)
  E (https://assets.moex.com/widgets/assets/mx.security.js:2)
  (anonymous function) (https://www.moex.com/js/jquery-1.11.2.min.js?v=20190117131326:2)
  j (https://www.moex.com/js/jquery-1.11.2.min.js?v=20190117131326:2)
  fireWith (https://www.moex.com/js/jquery-1.11.2.min.js?v=20190117131326:2)
  (anonymous function) (https://www.moex.com/js/jquery-1.11.2.min.js?v=20190117131326:2)
  (anonymous function) (https://assets.moex.com/widgets/assets/mx.security.js:1)
  j (https://www.moex.com/js/jquery-1.11.2.min.js?v=20190117131326:2)
  fireWith (https://www.moex.com/js/jquery-1.11.2.min.js?v=20190117131326:2)
  x (https://www.moex.com/js/jquery-1.11.2.min.js?v=20190117131326:4)
  onreadystatechange (https://www.moex.com/js/jquery-1.11.2.min.js?v=20190117131326:4)

  phantomjs://platform/console++.js:263 in error
[ERROR - 2019-02-20T22:29:36.817Z] WebElementLocator - _handleLocateCommand - Element(s) NOT Found: GAVE UP. Search Stop Time: 1550701776802

  phantomjs://platform/console++.js:263 in error
[ERROR - 2019-02-20T22:29:37.506Z] WebElementLocator - _handleLocateCommand - Element(s) NOT Found: GAVE UP. Search Stop Time: 1550701777474

  phantomjs://platform/console++.js:263 in error
[ERROR - 2019-02-20T22:29:41.689Z] Session [e2d18290-355e-11e9-a53a-6b6b003e64b4] - page.onError - msg: TypeError: undefined is not an object (evaluating '$(low).html().substring')

  phantomjs://platform/console++.js:263 in error
[ERROR - 2019-02-20T22:29:41.689Z] Session [e2d18290-355e-11e9-a53a-6b6b003e64b4] - page.onError - stack:
  afterRefresh (https://www.moex.com/js/angular/controllers/ContractControllers.js?v=20190201124432:151)
  E (https://assets.moex.com/widgets/assets/mx.security.js:2)
  (anonymous function) (https://www.moex.com/js/jquery-1.11.2.min.js?v=20190117131326:2)
  j (https://www.moex.com/js/jquery-1.11.2.min.js?v=20190117131326:2)
  fireWith (https://www.moex.com/js/jquery-1.11.2.min.js?v=20190117131326:2)
  (anonymous function) (https://www.moex.com/js/jquery-1.11.2.min.js?v=20190117131326:2)
  (anonymous function) (https://assets.moex.com/widgets/assets/mx.security.js:1)
  j (https://www.moex.com/js/jquery-1.11.2.min.js?v=20190117131326:2)
  fireWith (https://www.moex.com/js/jquery-1.11.2.min.js?v=20190117131326:2)
  x (https://www.moex.com/js/jquery-1.11.2.min.js?v=20190117131326:4)
  onreadystatechange (https://www.moex.com/js/jquery-1.11.2.min.js?v=20190117131326:4)

  phantomjs://platform/console++.js:263 in error
